{"C:\\Users\\sanya\\Desktop\\AI training\\url-crawler\\src\\config\\index.ts": {"path":"C:\\Users\\sanya\\Desktop\\AI training\\url-crawler\\src\\config\\index.ts","statementMap":{"0":{"start":{"line":3,"column":13},"end":{"line":7,"column":2}},"1":{"start":{"line":10,"column":13},"end":{"line":10,"column":112}},"2":{"start":{"line":11,"column":13},"end":{"line":17,"column":2}},"3":{"start":{"line":19,"column":13},"end":{"line":19,"column":97}}},"fnMap":{},"branchMap":{"0":{"loc":{"start":{"line":4,"column":24},"end":{"line":4,"column":83}},"type":"binary-expr","locations":[{"start":{"line":4,"column":24},"end":{"line":4,"column":45}},{"start":{"line":4,"column":49},"end":{"line":4,"column":76}},{"start":{"line":4,"column":80},"end":{"line":4,"column":83}}]},"1":{"loc":{"start":{"line":5,"column":24},"end":{"line":5,"column":83}},"type":"binary-expr","locations":[{"start":{"line":5,"column":24},"end":{"line":5,"column":45}},{"start":{"line":5,"column":49},"end":{"line":5,"column":76}},{"start":{"line":5,"column":80},"end":{"line":5,"column":83}}]},"2":{"loc":{"start":{"line":6,"column":29},"end":{"line":6,"column":65}},"type":"binary-expr","locations":[{"start":{"line":6,"column":29},"end":{"line":6,"column":55}},{"start":{"line":6,"column":59},"end":{"line":6,"column":65}}]},"3":{"loc":{"start":{"line":10,"column":44},"end":{"line":10,"column":106}},"type":"binary-expr","locations":[{"start":{"line":10,"column":44},"end":{"line":10,"column":75}},{"start":{"line":10,"column":79},"end":{"line":10,"column":106}}]}},"s":{"0":3,"1":3,"2":3,"3":3},"f":{},"b":{"0":[3,3,3],"1":[3,3,3],"2":[3,3],"3":[3,3]}}
,"C:\\Users\\sanya\\Desktop\\AI training\\url-crawler\\src\\services\\crawler.ts": {"path":"C:\\Users\\sanya\\Desktop\\AI training\\url-crawler\\src\\services\\crawler.ts","statementMap":{"0":{"start":{"line":1,"column":0},"end":{"line":1,"column":38}},"1":{"start":{"line":2,"column":0},"end":{"line":2,"column":40}},"2":{"start":{"line":3,"column":0},"end":{"line":3,"column":49}},"3":{"start":{"line":4,"column":0},"end":{"line":4,"column":42}},"4":{"start":{"line":5,"column":0},"end":{"line":5,"column":48}},"5":{"start":{"line":7,"column":0},"end":{"line":7,"column":59}},"6":{"start":{"line":18,"column":8},"end":{"line":18,"column":16}},"7":{"start":{"line":19,"column":8},"end":{"line":19,"column":35}},"8":{"start":{"line":20,"column":8},"end":{"line":20,"column":49}},"9":{"start":{"line":21,"column":8},"end":{"line":21,"column":56}},"10":{"start":{"line":22,"column":8},"end":{"line":22,"column":37}},"11":{"start":{"line":23,"column":8},"end":{"line":23,"column":66}},"12":{"start":{"line":24,"column":8},"end":{"line":24,"column":166}},"13":{"start":{"line":28,"column":26},"end":{"line":28,"column":36}},"14":{"start":{"line":30,"column":8},"end":{"line":30,"column":33}},"15":{"start":{"line":31,"column":8},"end":{"line":31,"column":92}},"16":{"start":{"line":33,"column":8},"end":{"line":48,"column":9}},"17":{"start":{"line":34,"column":12},"end":{"line":34,"column":49}},"18":{"start":{"line":37,"column":12},"end":{"line":41,"column":15}},"19":{"start":{"line":44,"column":12},"end":{"line":46,"column":15}},"20":{"start":{"line":47,"column":12},"end":{"line":47,"column":91}},"21":{"start":{"line":52,"column":19},"end":{"line":52,"column":49}},"22":{"start":{"line":52,"column":25},"end":{"line":52,"column":49}},"23":{"start":{"line":55,"column":8},"end":{"line":57,"column":9}},"24":{"start":{"line":56,"column":12},"end":{"line":56,"column":19}},"25":{"start":{"line":59,"column":8},"end":{"line":62,"column":9}},"26":{"start":{"line":60,"column":12},"end":{"line":60,"column":105}},"27":{"start":{"line":61,"column":12},"end":{"line":61,"column":19}},"28":{"start":{"line":64,"column":8},"end":{"line":67,"column":9}},"29":{"start":{"line":65,"column":12},"end":{"line":65,"column":96}},"30":{"start":{"line":66,"column":12},"end":{"line":66,"column":19}},"31":{"start":{"line":70,"column":28},"end":{"line":70,"column":61}},"32":{"start":{"line":71,"column":8},"end":{"line":75,"column":9}},"33":{"start":{"line":72,"column":12},"end":{"line":72,"column":78}},"34":{"start":{"line":73,"column":12},"end":{"line":73,"column":98}},"35":{"start":{"line":74,"column":12},"end":{"line":74,"column":19}},"36":{"start":{"line":78,"column":8},"end":{"line":78,"column":38}},"37":{"start":{"line":79,"column":8},"end":{"line":79,"column":111}},"38":{"start":{"line":81,"column":8},"end":{"line":112,"column":9}},"39":{"start":{"line":83,"column":30},"end":{"line":83,"column":40}},"40":{"start":{"line":84,"column":28},"end":{"line":84,"column":108}},"41":{"start":{"line":84,"column":75},"end":{"line":84,"column":107}},"42":{"start":{"line":85,"column":83},"end":{"line":85,"column":147}},"43":{"start":{"line":86,"column":27},"end":{"line":86,"column":49}},"44":{"start":{"line":88,"column":12},"end":{"line":92,"column":15}},"45":{"start":{"line":94,"column":12},"end":{"line":94,"column":112}},"46":{"start":{"line":96,"column":51},"end":{"line":96,"column":53}},"47":{"start":{"line":98,"column":12},"end":{"line":103,"column":13}},"48":{"start":{"line":100,"column":16},"end":{"line":102,"column":17}},"49":{"start":{"line":101,"column":20},"end":{"line":101,"column":79}},"50":{"start":{"line":106,"column":12},"end":{"line":106,"column":45}},"51":{"start":{"line":110,"column":12},"end":{"line":110,"column":89}},"52":{"start":{"line":111,"column":12},"end":{"line":111,"column":89}},"53":{"start":{"line":9,"column":0},"end":{"line":9,"column":13}}},"fnMap":{"0":{"name":"(anonymous_0)","decl":{"start":{"line":17,"column":4},"end":{"line":17,"column":16}},"loc":{"start":{"line":17,"column":79},"end":{"line":25,"column":5}}},"1":{"name":"(anonymous_1)","decl":{"start":{"line":27,"column":11},"end":{"line":27,"column":16}},"loc":{"start":{"line":27,"column":27},"end":{"line":49,"column":5}}},"2":{"name":"(anonymous_2)","decl":{"start":{"line":51,"column":12},"end":{"line":51,"column":17}},"loc":{"start":{"line":51,"column":66},"end":{"line":113,"column":5}}},"3":{"name":"(anonymous_3)","decl":{"start":{"line":52,"column":19},"end":{"line":52,"column":22}},"loc":{"start":{"line":52,"column":25},"end":{"line":52,"column":49}}},"4":{"name":"(anonymous_4)","decl":{"start":{"line":84,"column":69},"end":{"line":84,"column":72}},"loc":{"start":{"line":84,"column":75},"end":{"line":84,"column":107}}}},"branchMap":{"0":{"loc":{"start":{"line":17,"column":35},"end":{"line":17,"column":79}},"type":"default-arg","locations":[{"start":{"line":17,"column":77},"end":{"line":17,"column":79}}]},"1":{"loc":{"start":{"line":23,"column":8},"end":{"line":23,"column":65}},"type":"binary-expr","locations":[{"start":{"line":23,"column":8},"end":{"line":23,"column":23}},{"start":{"line":23,"column":27},"end":{"line":23,"column":65}}]},"2":{"loc":{"start":{"line":51,"column":42},"end":{"line":51,"column":66}},"type":"default-arg","locations":[{"start":{"line":51,"column":65},"end":{"line":51,"column":66}}]},"3":{"loc":{"start":{"line":55,"column":8},"end":{"line":57,"column":9}},"type":"if","locations":[{"start":{"line":55,"column":8},"end":{"line":57,"column":9}}]},"4":{"loc":{"start":{"line":59,"column":8},"end":{"line":62,"column":9}},"type":"if","locations":[{"start":{"line":59,"column":8},"end":{"line":62,"column":9}}]},"5":{"loc":{"start":{"line":64,"column":8},"end":{"line":67,"column":9}},"type":"if","locations":[{"start":{"line":64,"column":8},"end":{"line":67,"column":9}}]},"6":{"loc":{"start":{"line":71,"column":8},"end":{"line":75,"column":9}},"type":"if","locations":[{"start":{"line":71,"column":8},"end":{"line":75,"column":9}}]},"7":{"loc":{"start":{"line":100,"column":16},"end":{"line":102,"column":17}},"type":"if","locations":[{"start":{"line":100,"column":16},"end":{"line":102,"column":17}}]},"8":{"loc":{"start":{"line":100,"column":20},"end":{"line":100,"column":94}},"type":"binary-expr","locations":[{"start":{"line":100,"column":20},"end":{"line":100,"column":60}},{"start":{"line":100,"column":64},"end":{"line":100,"column":94}}]}},"s":{"0":1,"1":1,"2":1,"3":1,"4":1,"5":1,"6":13,"7":13,"8":13,"9":13,"10":13,"11":13,"12":13,"13":2,"14":2,"15":2,"16":2,"17":2,"18":2,"19":0,"20":0,"21":14,"22":23,"23":14,"24":1,"25":13,"26":1,"27":1,"28":12,"29":1,"30":1,"31":11,"32":11,"33":1,"34":1,"35":1,"36":10,"37":10,"38":10,"39":10,"40":10,"41":0,"42":8,"43":8,"44":8,"45":8,"46":8,"47":8,"48":11,"49":4,"50":8,"51":2,"52":2,"53":1},"f":{"0":13,"1":2,"2":14,"3":23,"4":0},"b":{"0":[12],"1":[13,13],"2":[0],"3":[1],"4":[1],"5":[1],"6":[1],"7":[4],"8":[11,10]}}
,"C:\\Users\\sanya\\Desktop\\AI training\\url-crawler\\src\\services\\httpHelper.ts": {"path":"C:\\Users\\sanya\\Desktop\\AI training\\url-crawler\\src\\services\\httpHelper.ts","statementMap":{"0":{"start":{"line":5,"column":8},"end":{"line":17,"column":9}},"1":{"start":{"line":6,"column":29},"end":{"line":10,"column":14}},"2":{"start":{"line":11,"column":12},"end":{"line":13,"column":13}},"3":{"start":{"line":12,"column":16},"end":{"line":12,"column":59}},"4":{"start":{"line":14,"column":12},"end":{"line":14,"column":41}},"5":{"start":{"line":16,"column":12},"end":{"line":16,"column":62}},"6":{"start":{"line":21,"column":26},"end":{"line":21,"column":38}},"7":{"start":{"line":22,"column":19},"end":{"line":22,"column":65}},"8":{"start":{"line":23,"column":8},"end":{"line":25,"column":9}},"9":{"start":{"line":24,"column":12},"end":{"line":24,"column":41}},"10":{"start":{"line":26,"column":8},"end":{"line":26,"column":20}},"11":{"start":{"line":30,"column":26},"end":{"line":30,"column":38}},"12":{"start":{"line":31,"column":8},"end":{"line":31,"column":69}},"13":{"start":{"line":3,"column":0},"end":{"line":3,"column":13}}},"fnMap":{"0":{"name":"(anonymous_0)","decl":{"start":{"line":4,"column":4},"end":{"line":4,"column":10}},"loc":{"start":{"line":4,"column":41},"end":{"line":18,"column":5}}},"1":{"name":"(anonymous_1)","decl":{"start":{"line":20,"column":4},"end":{"line":20,"column":10}},"loc":{"start":{"line":20,"column":33},"end":{"line":27,"column":5}}},"2":{"name":"(anonymous_2)","decl":{"start":{"line":29,"column":4},"end":{"line":29,"column":10}},"loc":{"start":{"line":29,"column":35},"end":{"line":32,"column":5}}}},"branchMap":{"0":{"loc":{"start":{"line":11,"column":12},"end":{"line":13,"column":13}},"type":"if","locations":[{"start":{"line":11,"column":12},"end":{"line":13,"column":13}}]},"1":{"loc":{"start":{"line":16,"column":28},"end":{"line":16,"column":60}},"type":"binary-expr","locations":[{"start":{"line":16,"column":28},"end":{"line":16,"column":41}},{"start":{"line":16,"column":45},"end":{"line":16,"column":60}}]},"2":{"loc":{"start":{"line":23,"column":8},"end":{"line":25,"column":9}},"type":"if","locations":[{"start":{"line":23,"column":8},"end":{"line":25,"column":9}}]}},"s":{"0":9,"1":9,"2":7,"3":2,"4":5,"5":4,"6":3,"7":3,"8":3,"9":1,"10":3,"11":12,"12":12,"13":4},"f":{"0":9,"1":3,"2":12},"b":{"0":[2],"1":[4,0],"2":[1]}}
,"C:\\Users\\sanya\\Desktop\\AI training\\url-crawler\\src\\services\\robotsTxt.ts": {"path":"C:\\Users\\sanya\\Desktop\\AI training\\url-crawler\\src\\services\\robotsTxt.ts","statementMap":{"0":{"start":{"line":1,"column":0},"end":{"line":1,"column":53}},"1":{"start":{"line":2,"column":0},"end":{"line":2,"column":42}},"2":{"start":{"line":3,"column":0},"end":{"line":3,"column":68}},"3":{"start":{"line":10,"column":22},"end":{"line":10,"column":50}},"4":{"start":{"line":11,"column":16},"end":{"line":11,"column":26}},"5":{"start":{"line":14,"column":51},"end":{"line":14,"column":82}},"6":{"start":{"line":15,"column":4},"end":{"line":22,"column":5}},"7":{"start":{"line":16,"column":6},"end":{"line":21,"column":7}},"8":{"start":{"line":17,"column":8},"end":{"line":17,"column":28}},"9":{"start":{"line":20,"column":8},"end":{"line":20,"column":43}},"10":{"start":{"line":24,"column":4},"end":{"line":34,"column":5}},"11":{"start":{"line":25,"column":6},"end":{"line":33,"column":7}},"12":{"start":{"line":26,"column":26},"end":{"line":26,"column":66}},"13":{"start":{"line":27,"column":8},"end":{"line":27,"column":51}},"14":{"start":{"line":28,"column":31},"end":{"line":28,"column":82}},"15":{"start":{"line":29,"column":8},"end":{"line":29,"column":84}},"16":{"start":{"line":32,"column":8},"end":{"line":32,"column":20}},"17":{"start":{"line":36,"column":4},"end":{"line":36,"column":61}},"18":{"start":{"line":40,"column":22},"end":{"line":40,"column":50}},"19":{"start":{"line":41,"column":50},"end":{"line":41,"column":81}},"20":{"start":{"line":42,"column":4},"end":{"line":42,"column":76}},"21":{"start":{"line":6,"column":0},"end":{"line":6,"column":13}},"22":{"start":{"line":7,"column":17},"end":{"line":7,"column":70}}},"fnMap":{"0":{"name":"(anonymous_1)","decl":{"start":{"line":9,"column":2},"end":{"line":9,"column":8}},"loc":{"start":{"line":9,"column":74},"end":{"line":37,"column":3}}},"1":{"name":"(anonymous_2)","decl":{"start":{"line":39,"column":2},"end":{"line":39,"column":8}},"loc":{"start":{"line":39,"column":34},"end":{"line":43,"column":3}}}},"branchMap":{"0":{"loc":{"start":{"line":15,"column":4},"end":{"line":22,"column":5}},"type":"if","locations":[{"start":{"line":15,"column":4},"end":{"line":22,"column":5}}]},"1":{"loc":{"start":{"line":16,"column":6},"end":{"line":21,"column":7}},"type":"if","locations":[{"start":{"line":16,"column":6},"end":{"line":21,"column":7}},{"start":{"line":18,"column":13},"end":{"line":21,"column":7}}]},"2":{"loc":{"start":{"line":24,"column":4},"end":{"line":34,"column":5}},"type":"if","locations":[{"start":{"line":24,"column":4},"end":{"line":34,"column":5}}]},"3":{"loc":{"start":{"line":28,"column":31},"end":{"line":28,"column":82}},"type":"binary-expr","locations":[{"start":{"line":28,"column":31},"end":{"line":28,"column":59}},{"start":{"line":28,"column":63},"end":{"line":28,"column":82}}]},"4":{"loc":{"start":{"line":42,"column":11},"end":{"line":42,"column":75}},"type":"cond-expr","locations":[{"start":{"line":42,"column":20},"end":{"line":42,"column":70}},{"start":{"line":42,"column":74},"end":{"line":42,"column":75}}]},"5":{"loc":{"start":{"line":42,"column":20},"end":{"line":42,"column":70}},"type":"binary-expr","locations":[{"start":{"line":42,"column":20},"end":{"line":42,"column":65}},{"start":{"line":42,"column":69},"end":{"line":42,"column":70}}]}},"s":{"0":3,"1":3,"2":3,"3":6,"4":6,"5":6,"6":6,"7":1,"8":1,"9":0,"10":6,"11":5,"12":5,"13":3,"14":3,"15":3,"16":2,"17":4,"18":6,"19":6,"20":6,"21":3,"22":3},"f":{"0":6,"1":6},"b":{"0":[1],"1":[1,0],"2":[5],"3":[3,3],"4":[0,6],"5":[0,0]}}
,"C:\\Users\\sanya\\Desktop\\AI training\\url-crawler\\src\\utils\\hostRateLimiter.ts": {"path":"C:\\Users\\sanya\\Desktop\\AI training\\url-crawler\\src\\utils\\hostRateLimiter.ts","statementMap":{"0":{"start":{"line":2,"column":0},"end":{"line":2,"column":36}},"1":{"start":{"line":3,"column":0},"end":{"line":3,"column":35}},"2":{"start":{"line":4,"column":0},"end":{"line":4,"column":50}},"3":{"start":{"line":11,"column":8},"end":{"line":13,"column":11}},"4":{"start":{"line":17,"column":21},"end":{"line":17,"column":38}},"5":{"start":{"line":18,"column":24},"end":{"line":18,"column":44}},"6":{"start":{"line":20,"column":31},"end":{"line":20,"column":64}},"7":{"start":{"line":21,"column":24},"end":{"line":21,"column":112}},"8":{"start":{"line":25,"column":8},"end":{"line":29,"column":9}},"9":{"start":{"line":26,"column":12},"end":{"line":26,"column":54}},"10":{"start":{"line":31,"column":8},"end":{"line":31,"column":48}},"11":{"start":{"line":31,"column":38},"end":{"line":31,"column":46}},"12":{"start":{"line":7,"column":0},"end":{"line":7,"column":13}}},"fnMap":{"0":{"name":"(anonymous_1)","decl":{"start":{"line":10,"column":4},"end":{"line":10,"column":null}},"loc":{"start":{"line":10,"column":4},"end":{"line":14,"column":5}}},"1":{"name":"(anonymous_2)","decl":{"start":{"line":16,"column":4},"end":{"line":16,"column":9}},"loc":{"start":{"line":16,"column":59},"end":{"line":32,"column":5}}},"2":{"name":"(anonymous_3)","decl":{"start":{"line":31,"column":32},"end":{"line":31,"column":35}},"loc":{"start":{"line":31,"column":38},"end":{"line":31,"column":46}}}},"branchMap":{"0":{"loc":{"start":{"line":20,"column":31},"end":{"line":20,"column":64}},"type":"binary-expr","locations":[{"start":{"line":20,"column":31},"end":{"line":20,"column":59}},{"start":{"line":20,"column":63},"end":{"line":20,"column":64}}]},"1":{"loc":{"start":{"line":21,"column":24},"end":{"line":21,"column":112}},"type":"cond-expr","locations":[{"start":{"line":21,"column":45},"end":{"line":21,"column":66}},{"start":{"line":21,"column":71},"end":{"line":21,"column":111}}]},"2":{"loc":{"start":{"line":21,"column":71},"end":{"line":21,"column":111}},"type":"binary-expr","locations":[{"start":{"line":21,"column":71},"end":{"line":21,"column":103}},{"start":{"line":21,"column":107},"end":{"line":21,"column":111}}]}},"s":{"0":2,"1":2,"2":2,"3":4,"4":6,"5":6,"6":6,"7":6,"8":6,"9":6,"10":6,"11":6,"12":2},"f":{"0":4,"1":6,"2":6},"b":{"0":[6,6],"1":[0,6],"2":[6,0]}}
,"C:\\Users\\sanya\\Desktop\\AI training\\url-crawler\\src\\utils\\htmlParser.ts": {"path":"C:\\Users\\sanya\\Desktop\\AI training\\url-crawler\\src\\utils\\htmlParser.ts","statementMap":{"0":{"start":{"line":1,"column":0},"end":{"line":1,"column":35}},"1":{"start":{"line":2,"column":0},"end":{"line":2,"column":41}},"2":{"start":{"line":7,"column":8},"end":{"line":12,"column":39}},"3":{"start":{"line":16,"column":18},"end":{"line":16,"column":36}},"4":{"start":{"line":17,"column":31},"end":{"line":17,"column":33}},"5":{"start":{"line":18,"column":23},"end":{"line":18,"column":25}},"6":{"start":{"line":19,"column":8},"end":{"line":21,"column":18}},"7":{"start":{"line":20,"column":12},"end":{"line":20,"column":60}},"8":{"start":{"line":22,"column":8},"end":{"line":37,"column":11}},"9":{"start":{"line":23,"column":23},"end":{"line":23,"column":41}},"10":{"start":{"line":24,"column":12},"end":{"line":24,"column":30}},"11":{"start":{"line":24,"column":23},"end":{"line":24,"column":30}},"12":{"start":{"line":26,"column":12},"end":{"line":26,"column":63}},"13":{"start":{"line":26,"column":56},"end":{"line":26,"column":63}},"14":{"start":{"line":27,"column":12},"end":{"line":36,"column":13}},"15":{"start":{"line":29,"column":35},"end":{"line":29,"column":68}},"16":{"start":{"line":31,"column":16},"end":{"line":33,"column":17}},"17":{"start":{"line":32,"column":20},"end":{"line":32,"column":42}},"18":{"start":{"line":38,"column":8},"end":{"line":38,"column":20}},"19":{"start":{"line":42,"column":18},"end":{"line":42,"column":36}},"20":{"start":{"line":43,"column":31},"end":{"line":43,"column":53}},"21":{"start":{"line":44,"column":31},"end":{"line":44,"column":61}},"22":{"start":{"line":45,"column":26},"end":{"line":45,"column":43}},"23":{"start":{"line":46,"column":30},"end":{"line":46,"column":88}},"24":{"start":{"line":47,"column":8},"end":{"line":51,"column":10}},"25":{"start":{"line":5,"column":0},"end":{"line":5,"column":13}}},"fnMap":{"0":{"name":"(anonymous_10)","decl":{"start":{"line":6,"column":4},"end":{"line":6,"column":10}},"loc":{"start":{"line":6,"column":33},"end":{"line":13,"column":5}}},"1":{"name":"(anonymous_11)","decl":{"start":{"line":15,"column":4},"end":{"line":15,"column":10}},"loc":{"start":{"line":15,"column":74},"end":{"line":39,"column":5}}},"2":{"name":"(anonymous_12)","decl":{"start":{"line":22,"column":26},"end":{"line":22,"column":27}},"loc":{"start":{"line":22,"column":36},"end":{"line":37,"column":9}}},"3":{"name":"(anonymous_13)","decl":{"start":{"line":41,"column":4},"end":{"line":41,"column":10}},"loc":{"start":{"line":41,"column":76},"end":{"line":52,"column":5}}}},"branchMap":{"0":{"loc":{"start":{"line":15,"column":54},"end":{"line":15,"column":74}},"type":"default-arg","locations":[{"start":{"line":15,"column":72},"end":{"line":15,"column":74}}]},"1":{"loc":{"start":{"line":20,"column":23},"end":{"line":20,"column":59}},"type":"cond-expr","locations":[{"start":{"line":20,"column":33},"end":{"line":20,"column":54}},{"start":{"line":20,"column":57},"end":{"line":20,"column":59}}]},"2":{"loc":{"start":{"line":24,"column":12},"end":{"line":24,"column":30}},"type":"if","locations":[{"start":{"line":24,"column":12},"end":{"line":24,"column":30}}]},"3":{"loc":{"start":{"line":26,"column":12},"end":{"line":26,"column":63}},"type":"if","locations":[{"start":{"line":26,"column":12},"end":{"line":26,"column":63}}]},"4":{"loc":{"start":{"line":31,"column":16},"end":{"line":33,"column":17}},"type":"if","locations":[{"start":{"line":31,"column":16},"end":{"line":33,"column":17}}]},"5":{"loc":{"start":{"line":31,"column":20},"end":{"line":31,"column":70}},"type":"binary-expr","locations":[{"start":{"line":31,"column":20},"end":{"line":31,"column":29}},{"start":{"line":31,"column":33},"end":{"line":31,"column":70}}]},"6":{"loc":{"start":{"line":41,"column":56},"end":{"line":41,"column":76}},"type":"default-arg","locations":[{"start":{"line":41,"column":74},"end":{"line":41,"column":76}}]},"7":{"loc":{"start":{"line":43,"column":31},"end":{"line":43,"column":53}},"type":"binary-expr","locations":[{"start":{"line":43,"column":31},"end":{"line":43,"column":47}},{"start":{"line":43,"column":51},"end":{"line":43,"column":53}}]}},"s":{"0":2,"1":2,"2":6,"3":6,"4":6,"5":6,"6":6,"7":6,"8":6,"9":6,"10":6,"11":0,"12":6,"13":0,"14":6,"15":6,"16":6,"17":4,"18":6,"19":6,"20":6,"21":6,"22":6,"23":6,"24":6,"25":2},"f":{"0":6,"1":6,"2":6,"3":6},"b":{"0":[0],"1":[6,0],"2":[0],"3":[0],"4":[4],"5":[6,6],"6":[0],"7":[6,1]}}
}
