TN:
SF:src\config\index.ts
FNF:0
FNH:0
DA:3,3
DA:10,3
DA:11,3
DA:19,3
LF:4
LH:4
BRDA:4,0,0,3
BRDA:4,0,1,3
BRDA:4,0,2,3
BRDA:5,1,0,3
BRDA:5,1,1,3
BRDA:5,1,2,3
BRDA:6,2,0,3
BRDA:6,2,1,3
BRDA:10,3,0,3
BRDA:10,3,1,3
BRF:10
BRH:10
end_of_record
TN:
SF:src\services\crawler.ts
FN:17,(anonymous_0)
FN:27,(anonymous_1)
FN:51,(anonymous_2)
FN:52,(anonymous_3)
FN:84,(anonymous_4)
FNF:5
FNH:4
FNDA:13,(anonymous_0)
FNDA:2,(anonymous_1)
FNDA:14,(anonymous_2)
FNDA:23,(anonymous_3)
FNDA:0,(anonymous_4)
DA:1,1
DA:2,1
DA:3,1
DA:4,1
DA:5,1
DA:7,1
DA:9,1
DA:18,13
DA:19,13
DA:20,13
DA:21,13
DA:22,13
DA:23,13
DA:24,13
DA:28,2
DA:30,2
DA:31,2
DA:33,2
DA:34,2
DA:37,2
DA:44,0
DA:47,0
DA:52,23
DA:55,14
DA:56,1
DA:59,13
DA:60,1
DA:61,1
DA:64,12
DA:65,1
DA:66,1
DA:70,11
DA:71,11
DA:72,1
DA:73,1
DA:74,1
DA:78,10
DA:79,10
DA:81,10
DA:83,10
DA:84,10
DA:85,8
DA:86,8
DA:88,8
DA:94,8
DA:96,8
DA:98,8
DA:100,11
DA:101,4
DA:106,8
DA:110,2
DA:111,2
LF:52
LH:50
BRDA:17,0,0,12
BRDA:23,1,0,13
BRDA:23,1,1,13
BRDA:51,2,0,0
BRDA:55,3,0,1
BRDA:59,4,0,1
BRDA:64,5,0,1
BRDA:71,6,0,1
BRDA:100,7,0,4
BRDA:100,8,0,11
BRDA:100,8,1,10
BRF:11
BRH:10
end_of_record
TN:
SF:src\services\httpHelper.ts
FN:4,(anonymous_0)
FN:20,(anonymous_1)
FN:29,(anonymous_2)
FNF:3
FNH:3
FNDA:9,(anonymous_0)
FNDA:3,(anonymous_1)
FNDA:12,(anonymous_2)
DA:3,4
DA:5,9
DA:6,9
DA:11,7
DA:12,2
DA:14,5
DA:16,4
DA:21,3
DA:22,3
DA:23,3
DA:24,1
DA:26,3
DA:30,12
DA:31,12
LF:14
LH:14
BRDA:11,0,0,2
BRDA:16,1,0,4
BRDA:16,1,1,0
BRDA:23,2,0,1
BRF:4
BRH:3
end_of_record
TN:
SF:src\services\robotsTxt.ts
FN:9,(anonymous_1)
FN:39,(anonymous_2)
FNF:2
FNH:2
FNDA:6,(anonymous_1)
FNDA:6,(anonymous_2)
DA:1,3
DA:2,3
DA:3,3
DA:6,3
DA:7,3
DA:10,6
DA:11,6
DA:14,6
DA:15,6
DA:16,1
DA:17,1
DA:20,0
DA:24,6
DA:25,5
DA:26,5
DA:27,3
DA:28,3
DA:29,3
DA:32,2
DA:36,4
DA:40,6
DA:41,6
DA:42,6
LF:23
LH:22
BRDA:15,0,0,1
BRDA:16,1,0,1
BRDA:16,1,1,0
BRDA:24,2,0,5
BRDA:28,3,0,3
BRDA:28,3,1,3
BRDA:42,4,0,0
BRDA:42,4,1,6
BRDA:42,5,0,0
BRDA:42,5,1,0
BRF:10
BRH:6
end_of_record
TN:
SF:src\utils\hostRateLimiter.ts
FN:10,(anonymous_1)
FN:16,(anonymous_2)
FN:31,(anonymous_3)
FNF:3
FNH:3
FNDA:4,(anonymous_1)
FNDA:6,(anonymous_2)
FNDA:6,(anonymous_3)
DA:2,2
DA:3,2
DA:4,2
DA:7,2
DA:11,4
DA:17,6
DA:18,6
DA:20,6
DA:21,6
DA:25,6
DA:26,6
DA:31,6
LF:12
LH:12
BRDA:20,0,0,6
BRDA:20,0,1,6
BRDA:21,1,0,0
BRDA:21,1,1,6
BRDA:21,2,0,6
BRDA:21,2,1,0
BRF:6
BRH:4
end_of_record
TN:
SF:src\utils\htmlParser.ts
FN:6,(anonymous_10)
FN:15,(anonymous_11)
FN:22,(anonymous_12)
FN:41,(anonymous_13)
FNF:4
FNH:4
FNDA:6,(anonymous_10)
FNDA:6,(anonymous_11)
FNDA:6,(anonymous_12)
FNDA:6,(anonymous_13)
DA:1,2
DA:2,2
DA:5,2
DA:7,6
DA:16,6
DA:17,6
DA:18,6
DA:19,6
DA:20,6
DA:22,6
DA:23,6
DA:24,6
DA:26,6
DA:27,6
DA:29,6
DA:31,6
DA:32,4
DA:38,6
DA:42,6
DA:43,6
DA:44,6
DA:45,6
DA:46,6
DA:47,6
LF:24
LH:24
BRDA:15,0,0,0
BRDA:20,1,0,6
BRDA:20,1,1,0
BRDA:24,2,0,0
BRDA:26,3,0,0
BRDA:31,4,0,4
BRDA:31,5,0,6
BRDA:31,5,1,6
BRDA:41,6,0,0
BRDA:43,7,0,6
BRDA:43,7,1,1
BRF:11
BRH:6
end_of_record
